Library/Bee/Android/Prj/IL2CPP/Gradle/launcher/build/intermediates/manifest_merge_blame_file/release/processReleaseMainManifest/manifest-merger-blame-release-report.txt
1<?xml version="1.0" encoding="utf-8"?>
2<manifest xmlns:android="http://schemas.android.com/apk/res/android"
3    package="com.LEMUR.Training"
4    android:installLocation="auto"
5    android:versionCode="1"
6    android:versionName="0.1" >
7
8    <uses-sdk
9        android:minSdkVersion="32"
10        android:targetSdkVersion="32" />
11
12    <supports-screens
12-->src\main\AndroidManifest.xml:4:3-163
13        android:anyDensity="true"
13-->src\main\AndroidManifest.xml:4:135-160
14        android:largeScreens="true"
14-->src\main\AndroidManifest.xml:4:78-105
15        android:normalScreens="true"
15-->src\main\AndroidManifest.xml:4:49-77
16        android:smallScreens="true"
16-->src\main\AndroidManifest.xml:4:21-48
17        android:xlargeScreens="true" />
17-->src\main\AndroidManifest.xml:4:106-134
18
19    <uses-permission android:name="android.permission.WRITE_EXTERNAL_STORAGE" />
19-->[:unityLibrary] AndroidManifest.xml:9:5-81
19-->[:unityLibrary] AndroidManifest.xml:9:22-78
20    <uses-permission android:name="android.permission.READ_EXTERNAL_STORAGE" />
20-->[:unityLibrary] AndroidManifest.xml:10:5-80
20-->[:unityLibrary] AndroidManifest.xml:10:22-77
21    <uses-permission android:name="android.permission.INTERNET" />
21-->[:unityLibrary] AndroidManifest.xml:11:5-67
21-->[:unityLibrary] AndroidManifest.xml:11:22-64
22
23    <uses-feature
23-->[:unityLibrary] AndroidManifest.xml:13:5-16:31
24        android:name="android.hardware.vr.headtracking"
24-->[:unityLibrary] AndroidManifest.xml:14:9-56
25        android:required="true"
25-->[:unityLibrary] AndroidManifest.xml:15:9-32
26        android:version="1" />
26-->[:unityLibrary] AndroidManifest.xml:16:9-28
27    <uses-feature android:glEsVersion="0x00030000" />
27-->[:unityLibrary] AndroidManifest.xml:17:5-54
27-->[:unityLibrary] AndroidManifest.xml:17:19-51
28    <uses-feature
28-->[:unityLibrary] AndroidManifest.xml:18:5-20:36
29        android:name="android.hardware.vulkan.version"
29-->[:unityLibrary] AndroidManifest.xml:19:9-55
30        android:required="false" />
30-->[:unityLibrary] AndroidManifest.xml:20:9-33
31    <uses-feature
31-->[:unityLibrary] AndroidManifest.xml:21:5-23:36
32        android:name="android.hardware.touchscreen"
32-->[:unityLibrary] AndroidManifest.xml:22:9-52
33        android:required="false" />
33-->[:unityLibrary] AndroidManifest.xml:23:9-33
34    <uses-feature
34-->[:unityLibrary] AndroidManifest.xml:24:5-26:36
35        android:name="android.hardware.touchscreen.multitouch"
35-->[:unityLibrary] AndroidManifest.xml:25:9-63
36        android:required="false" />
36-->[:unityLibrary] AndroidManifest.xml:26:9-33
37    <uses-feature
37-->[:unityLibrary] AndroidManifest.xml:27:5-29:36
38        android:name="android.hardware.touchscreen.multitouch.distinct"
38-->[:unityLibrary] AndroidManifest.xml:28:9-72
39        android:required="false" />
39-->[:unityLibrary] AndroidManifest.xml:29:9-33
40    <uses-feature
40-->[:unityLibrary] AndroidManifest.xml:30:5-32:36
41        android:name="oculus.software.handtracking"
41-->[:unityLibrary] AndroidManifest.xml:31:9-52
42        android:required="false" />
42-->[:unityLibrary] AndroidManifest.xml:32:9-33
43
44    <uses-permission android:name="com.oculus.permission.HAND_TRACKING" />
44-->[:unityLibrary] AndroidManifest.xml:34:5-75
44-->[:unityLibrary] AndroidManifest.xml:34:22-72
45
46    <application
46-->src\main\AndroidManifest.xml:3:3-83
47        android:allowBackup="false"
47-->[:unityLibrary] AndroidManifest.xml:37:9-36
48        android:appComponentFactory="androidx.core.app.CoreComponentFactory"
48-->[androidx.core:core:1.8.0] AndroidManifest.xml:24:18-86
49        android:extractNativeLibs="true"
50        android:icon="@mipmap/app_icon"
50-->src\main\AndroidManifest.xml:3:16-47
51        android:label="@string/app_name"
51-->src\main\AndroidManifest.xml:3:48-80
52        android:networkSecurityConfig="@xml/network_sec_config"
52-->[:unityLibrary] AndroidManifest.xml:41:9-64
53        android:requestLegacyExternalStorage="true" >
53-->[:unityLibrary] AndroidManifest.xml:42:9-52
54        <meta-data
54-->[:unityLibrary] AndroidManifest.xml:43:9-45:37
55            android:name="unityplayer.SkipPermissionsDialog"
55-->[:unityLibrary] AndroidManifest.xml:44:13-61
56            android:value="false" />
56-->[:unityLibrary] AndroidManifest.xml:45:13-34
57        <meta-data
57-->[:unityLibrary] AndroidManifest.xml:46:9-48:39
58            android:name="com.samsung.android.vr.application.mode"
58-->[:unityLibrary] AndroidManifest.xml:47:13-67
59            android:value="vr_only" />
59-->[:unityLibrary] AndroidManifest.xml:48:13-36
60        <meta-data
60-->[:unityLibrary] AndroidManifest.xml:49:9-51:37
61            android:name="com.oculus.ossplash.background"
61-->[:unityLibrary] AndroidManifest.xml:50:13-58
62            android:value="black" />
62-->[:unityLibrary] AndroidManifest.xml:51:13-34
63        <meta-data
63-->[:unityLibrary] AndroidManifest.xml:52:9-54:68
64            android:name="com.oculus.telemetry.project_guid"
64-->[:unityLibrary] AndroidManifest.xml:53:13-61
65            android:value="9a1b8b79-4965-4d10-b4da-7816785c960a" />
65-->[:unityLibrary] AndroidManifest.xml:54:13-65
66        <meta-data
66-->[:unityLibrary] AndroidManifest.xml:55:9-57:62
67            android:name="com.oculus.supportedDevices"
67-->[:unityLibrary] AndroidManifest.xml:56:13-55
68            android:value="quest2|questpro|quest3|quest3s" />
68-->[:unityLibrary] AndroidManifest.xml:57:13-59
69        <meta-data
69-->[:unityLibrary] AndroidManifest.xml:58:9-60:33
70            android:name="unity.splash-mode"
70-->[:unityLibrary] AndroidManifest.xml:59:13-45
71            android:value="0" />
71-->[:unityLibrary] AndroidManifest.xml:60:13-30
72        <meta-data
72-->[:unityLibrary] AndroidManifest.xml:61:9-63:36
73            android:name="unity.splash-enable"
73-->[:unityLibrary] AndroidManifest.xml:62:13-47
74            android:value="True" />
74-->[:unityLibrary] AndroidManifest.xml:63:13-33
75        <meta-data
75-->[:unityLibrary] AndroidManifest.xml:64:9-66:36
76            android:name="unity.launch-fullscreen"
76-->[:unityLibrary] AndroidManifest.xml:65:13-51
77            android:value="True" />
77-->[:unityLibrary] AndroidManifest.xml:66:13-33
78        <meta-data
78-->[:unityLibrary] AndroidManifest.xml:67:9-69:36
79            android:name="unity.render-outside-safearea"
79-->[:unityLibrary] AndroidManifest.xml:68:13-57
80            android:value="True" />
80-->[:unityLibrary] AndroidManifest.xml:69:13-33
81        <meta-data
81-->[:unityLibrary] AndroidManifest.xml:70:9-72:50
82            android:name="notch.config"
82-->[:unityLibrary] AndroidManifest.xml:71:13-40
83            android:value="portrait|landscape" />
83-->[:unityLibrary] AndroidManifest.xml:72:13-47
84        <meta-data
84-->[:unityLibrary] AndroidManifest.xml:73:9-75:36
85            android:name="unity.auto-report-fully-drawn"
85-->[:unityLibrary] AndroidManifest.xml:74:13-57
86            android:value="true" />
86-->[:unityLibrary] AndroidManifest.xml:75:13-33
87        <meta-data
87-->[:unityLibrary] AndroidManifest.xml:76:9-78:36
88            android:name="unity.auto-set-game-state"
88-->[:unityLibrary] AndroidManifest.xml:77:13-53
89            android:value="true" />
89-->[:unityLibrary] AndroidManifest.xml:78:13-33
90        <meta-data
90-->[:unityLibrary] AndroidManifest.xml:79:9-81:36
91            android:name="unity.strip-engine-code"
91-->[:unityLibrary] AndroidManifest.xml:80:13-51
92            android:value="true" />
92-->[:unityLibrary] AndroidManifest.xml:81:13-33
93
94        <activity
94-->[:unityLibrary] AndroidManifest.xml:83:9-113:20
95            android:name="com.unity3d.player.UnityPlayerGameActivity"
95-->[:unityLibrary] AndroidManifest.xml:84:13-70
96            android:configChanges="keyboard|keyboardHidden|navigation|orientation|screenLayout|screenSize|uiMode|density"
96-->[:unityLibrary] AndroidManifest.xml:85:13-122
97            android:enabled="true"
97-->[:unityLibrary] AndroidManifest.xml:86:13-35
98            android:excludeFromRecents="true"
98-->[:unityLibrary] AndroidManifest.xml:87:13-46
99            android:exported="true"
99-->[:unityLibrary] AndroidManifest.xml:88:13-36
100            android:hardwareAccelerated="false"
100-->[:unityLibrary] AndroidManifest.xml:89:13-48
101            android:launchMode="singleTask"
101-->[:unityLibrary] AndroidManifest.xml:90:13-44
102            android:resizeableActivity="false"
102-->[:unityLibrary] AndroidManifest.xml:91:13-47
103            android:screenOrientation="landscape"
103-->[:unityLibrary] AndroidManifest.xml:92:13-50
104            android:theme="@style/BaseUnityGameActivityTheme" >
104-->[:unityLibrary] AndroidManifest.xml:93:13-62
105            <intent-filter>
105-->[:unityLibrary] AndroidManifest.xml:94:13-99:29
106                <category android:name="android.intent.category.LAUNCHER" />
106-->[:unityLibrary] AndroidManifest.xml:95:17-77
106-->[:unityLibrary] AndroidManifest.xml:95:27-74
107                <category android:name="com.oculus.intent.category.VR" />
107-->[:unityLibrary] AndroidManifest.xml:96:17-74
107-->[:unityLibrary] AndroidManifest.xml:96:27-71
108
109                <action android:name="android.intent.action.MAIN" />
109-->[:unityLibrary] AndroidManifest.xml:98:17-69
109-->[:unityLibrary] AndroidManifest.xml:98:25-66
110            </intent-filter>
111
112            <meta-data
112-->[:unityLibrary] AndroidManifest.xml:101:13-103:40
113                android:name="com.oculus.vr.focusaware"
113-->[:unityLibrary] AndroidManifest.xml:102:17-56
114                android:value="true" />
114-->[:unityLibrary] AndroidManifest.xml:103:17-37
115            <meta-data
115-->[:unityLibrary] AndroidManifest.xml:104:13-106:71
116                android:name="WindowManagerPreference:FreeformWindowSize"
116-->[:unityLibrary] AndroidManifest.xml:105:17-74
117                android:value="@string/FreeformWindowSize_maximize" />
117-->[:unityLibrary] AndroidManifest.xml:106:17-68
118            <meta-data
118-->[:unityLibrary] AndroidManifest.xml:107:13-109:79
119                android:name="WindowManagerPreference:FreeformWindowOrientation"
119-->[:unityLibrary] AndroidManifest.xml:108:17-81
120                android:value="@string/FreeformWindowOrientation_landscape" />
120-->[:unityLibrary] AndroidManifest.xml:109:17-76
121            <meta-data
121-->[:unityLibrary] AndroidManifest.xml:110:13-112:40
122                android:name="notch_support"
122-->[:unityLibrary] AndroidManifest.xml:111:17-45
123                android:value="true" />
123-->[:unityLibrary] AndroidManifest.xml:112:17-37
124        </activity>
125
126        <meta-data
126-->[:unityLibrary] AndroidManifest.xml:115:9-117:37
127            android:name="com.unity.xr.oculus.LowOverheadMode"
127-->[:unityLibrary] AndroidManifest.xml:116:13-63
128            android:value="false" />
128-->[:unityLibrary] AndroidManifest.xml:117:13-34
129        <meta-data
129-->[:unityLibrary] AndroidManifest.xml:118:9-120:37
130            android:name="com.unity.xr.oculus.LateLatching"
130-->[:unityLibrary] AndroidManifest.xml:119:13-60
131            android:value="false" />
131-->[:unityLibrary] AndroidManifest.xml:120:13-34
132        <meta-data
132-->[:unityLibrary] AndroidManifest.xml:121:9-123:37
133            android:name="com.unity.xr.oculus.LateLatchingDebug"
133-->[:unityLibrary] AndroidManifest.xml:122:13-65
134            android:value="false" />
134-->[:unityLibrary] AndroidManifest.xml:123:13-34
135        <meta-data
135-->[:unityLibrary] AndroidManifest.xml:124:9-126:35
136            android:name="com.oculus.handtracking.frequency"
136-->[:unityLibrary] AndroidManifest.xml:125:13-61
137            android:value="LOW" />
137-->[:unityLibrary] AndroidManifest.xml:126:13-32
138        <meta-data
138-->[:unityLibrary] AndroidManifest.xml:127:9-129:36
139            android:name="com.oculus.handtracking.version"
139-->[:unityLibrary] AndroidManifest.xml:128:13-59
140            android:value="V2.0" />
140-->[:unityLibrary] AndroidManifest.xml:129:13-33
141
142        <provider
142-->[androidx.emoji2:emoji2:1.2.0] AndroidManifest.xml:24:9-32:20
143            android:name="androidx.startup.InitializationProvider"
143-->[androidx.emoji2:emoji2:1.2.0] AndroidManifest.xml:25:13-67
144            android:authorities="com.LEMUR.Training.androidx-startup"
144-->[androidx.emoji2:emoji2:1.2.0] AndroidManifest.xml:26:13-68
145            android:exported="false" >
145-->[androidx.emoji2:emoji2:1.2.0] AndroidManifest.xml:27:13-37
146            <meta-data
146-->[androidx.emoji2:emoji2:1.2.0] AndroidManifest.xml:29:13-31:52
147                android:name="androidx.emoji2.text.EmojiCompatInitializer"
147-->[androidx.emoji2:emoji2:1.2.0] AndroidManifest.xml:30:17-75
148                android:value="androidx.startup" />
148-->[androidx.emoji2:emoji2:1.2.0] AndroidManifest.xml:31:17-49
149            <meta-data
149-->[androidx.lifecycle:lifecycle-process:2.4.1] AndroidManifest.xml:31:13-33:52
150                android:name="androidx.lifecycle.ProcessLifecycleInitializer"
150-->[androidx.lifecycle:lifecycle-process:2.4.1] AndroidManifest.xml:32:17-78
151                android:value="androidx.startup" />
151-->[androidx.lifecycle:lifecycle-process:2.4.1] AndroidManifest.xml:33:17-49
152        </provider>
153    </application>
154
155</manifest>